#
# There is insufficient memory for the Java Runtime Environment to continue.
# Native memory allocation (malloc) failed to allocate 32744 bytes for ChunkPool::allocate
# Possible reasons:
#   The system is out of physical RAM or swap space
#   The process is running with CompressedOops enabled, and the Java Heap may be blocking the growth of the native heap
# Possible solutions:
#   Reduce memory load on the system
#   Increase physical memory or swap space
#   Check if swap backing store is full
#   Decrease Java heap size (-Xmx/-Xms)
#   Decrease number of Java threads
#   Decrease Java thread stack sizes (-Xss)
#   Set larger code cache with -XX:ReservedCodeCacheSize=
#   JVM is running with Unscaled Compressed Oops mode in which the Java heap is
#     placed in the first 4GB address space. The Java Heap base address is the
#     maximum limit for the native heap growth. Please use -XX:HeapBaseMinAddress
#     to set the Java Heap base and to place the Java Heap above 4GB virtual address.
# This output file may be truncated or incomplete.
#
#  Out of Memory Error (./open/src/hotspot/share/memory/arena.cpp:79), pid=14440, tid=4824
#
# JRE version: Java(TM) SE Runtime Environment (15.0.2+7) (build 15.0.2+7-27)
# Java VM: Java HotSpot(TM) 64-Bit Server VM (15.0.2+7-27, mixed mode, sharing, tiered, compressed oops, g1 gc, windows-amd64)
# No core dump will be written. Minidumps are not enabled by default on client versions of Windows
#

---------------  S U M M A R Y ------------

Command Line: -Dfile.encoding=UTF-8 -XX:+ShowCodeDetailsInExceptionMessages view.App

Host: Intel(R) Core(TM) i5-6200U CPU @ 2.30GHz, 4 cores, 7G,  Windows 10 , 64 bit Build 16299 (10.0.16299.15)
Time: Sat Jun  5 01:40:12 2021 SE Asia Standard Time elapsed time: 0.765087 seconds (0d 0h 0m 0s)

---------------  T H R E A D  ---------------

Current thread (0x000001cfff54b300):  JavaThread "C1 CompilerThread0" daemon [_thread_in_native, id=4824, stack(0x000000c330500000,0x000000c330600000)]


Current CompileTask:
C1:    765 1020       3       java.net.URLStreamHandler::parseURL (1201 bytes)

Stack: [0x000000c330500000,0x000000c330600000]
Native frames: (J=compiled Java code, j=interpreted, Vv=VM code, C=native code)
V  [jvm.dll+0x62ae9a]
V  [jvm.dll+0x7817a9]
V  [jvm.dll+0x782f03]
V  [jvm.dll+0x783563]
V  [jvm.dll+0x216325]
V  [jvm.dll+0x982cf]
V  [jvm.dll+0x9861c]
V  [jvm.dll+0x151604]
V  [jvm.dll+0x15187d]
V  [jvm.dll+0x1544b2]
V  [jvm.dll+0x156291]
V  [jvm.dll+0x110065]
V  [jvm.dll+0x10f91f]
V  [jvm.dll+0x10fb54]
V  [jvm.dll+0x10ee92]
V  [jvm.dll+0x110d2c]
V  [jvm.dll+0x1f9225]
V  [jvm.dll+0x1f72cc]
V  [jvm.dll+0x74495d]
V  [jvm.dll+0x73d75a]
V  [jvm.dll+0x629c56]
C  [ucrtbase.dll+0x1d885]
C  [KERNEL32.DLL+0x11fe4]
C  [ntdll.dll+0x6ef91]


---------------  P R O C E S S  ---------------

Threads class SMR info:
_java_thread_list=0x000001cf91d77690, length=18, elements={
0x000001cfff51f960, 0x000001cfff5212d0, 0x000001cfff534480, 0x000001cfff538920,
0x000001cfff5395b0, 0x000001cfff53ad60, 0x000001cfff54b300, 0x000001cfffa747b0,
0x000001cfffb2c4b0, 0x000001cfffb3ef20, 0x000001cfffd864b0, 0x000001cfffd87990,
0x000001cfffd87e60, 0x000001cfffd980d0, 0x000001cff2101510, 0x000001cf91c80020,
0x000001cf91cd1020, 0x000001cf91dc8be0
}

Java Threads: ( => current thread )
  0x000001cfff51f960 JavaThread "Reference Handler" daemon [_thread_blocked, id=15368, stack(0x000000c32ff00000,0x000000c330000000)]
  0x000001cfff5212d0 JavaThread "Finalizer" daemon [_thread_blocked, id=19604, stack(0x000000c330000000,0x000000c330100000)]
  0x000001cfff534480 JavaThread "Signal Dispatcher" daemon [_thread_blocked, id=11100, stack(0x000000c330100000,0x000000c330200000)]
  0x000001cfff538920 JavaThread "Attach Listener" daemon [_thread_blocked, id=9120, stack(0x000000c330200000,0x000000c330300000)]
  0x000001cfff5395b0 JavaThread "Service Thread" daemon [_thread_blocked, id=8764, stack(0x000000c330300000,0x000000c330400000)]
  0x000001cfff53ad60 JavaThread "C2 CompilerThread0" daemon [_thread_blocked, id=14952, stack(0x000000c330400000,0x000000c330500000)]
=>0x000001cfff54b300 JavaThread "C1 CompilerThread0" daemon [_thread_in_native, id=4824, stack(0x000000c330500000,0x000000c330600000)]
  0x000001cfffa747b0 JavaThread "Sweeper thread" daemon [_thread_blocked, id=14776, stack(0x000000c330600000,0x000000c330700000)]
  0x000001cfffb2c4b0 JavaThread "Notification Thread" daemon [_thread_blocked, id=7432, stack(0x000000c330700000,0x000000c330800000)]
  0x000001cfffb3ef20 JavaThread "Common-Cleaner" daemon [_thread_blocked, id=11048, stack(0x000000c330900000,0x000000c330a00000)]
  0x000001cfffd864b0 JavaThread "Java2D Disposer" daemon [_thread_blocked, id=3868, stack(0x000000c330a00000,0x000000c330b00000)]
  0x000001cfffd87990 JavaThread "AWT-Shutdown" [_thread_blocked, id=19236, stack(0x000000c330b00000,0x000000c330c00000)]
  0x000001cfffd87e60 JavaThread "AWT-Windows" daemon [_thread_in_native, id=10572, stack(0x000000c330c00000,0x000000c330d00000)]
  0x000001cfffd980d0 JavaThread "AWT-EventQueue-0" [_thread_in_vm, id=19852, stack(0x000000c330d00000,0x000000c330e00000)]
  0x000001cff2101510 JavaThread "DestroyJavaVM" [_thread_blocked, id=12400, stack(0x000000c32f800000,0x000000c32f900000)]
  0x000001cf91c80020 JavaThread "Image Fetcher 0" daemon [_thread_blocked, id=3068, stack(0x000000c330e00000,0x000000c330f00000)]
  0x000001cf91cd1020 JavaThread "C2 CompilerThread1" daemon [_thread_blocked, id=12328, stack(0x000000c330f00000,0x000000c331000000)]
  0x000001cf91dc8be0 JavaThread "mysql-cj-abandoned-connection-cleanup" daemon [_thread_blocked, id=16516, stack(0x000000c331000000,0x000000c331100000)]

Other Threads:
  0x000001cfff51b330 VMThread "VM Thread" [stack: 0x000000c32fe00000,0x000000c32ff00000] [id=20016]
  0x000001cfffb30a30 WatcherThread [stack: 0x000000c330800000,0x000000c330900000] [id=2348]
  0x000001cfff3821d0 GCTaskThread "GC Thread#0" [stack: 0x000000c32f900000,0x000000c32fa00000] [id=6632]
  0x000001cfff394880 ConcurrentGCThread "G1 Main Marker" [stack: 0x000000c32fa00000,0x000000c32fb00000] [id=7128]
  0x000001cfff395800 ConcurrentGCThread "G1 Conc#0" [stack: 0x000000c32fb00000,0x000000c32fc00000] [id=8740]
  0x000001cfff413ce0 ConcurrentGCThread "G1 Refine#0" [stack: 0x000000c32fc00000,0x000000c32fd00000] [id=11992]
  0x000001cfff4152b0 ConcurrentGCThread "G1 Young RemSet Sampling" [stack: 0x000000c32fd00000,0x000000c32fe00000] [id=12832]

Threads with active compile tasks:
C1 CompilerThread0      794 1020       3       java.net.URLStreamHandler::parseURL (1201 bytes)

VM state: not at safepoint (normal execution)

VM Mutex/Monitor currently owned by a thread: None

Heap address: 0x0000000082c00000, size: 2004 MB, Compressed Oops mode: 32-bit
CDS archive(s) mapped at: [0x0000000800000000-0x0000000800b50000-0x0000000800b50000), size 11862016, SharedBaseAddress: 0x0000000800000000, ArchiveRelocationMode: 0.
Compressed class space mapped at: 0x0000000800b50000-0x0000000840b50000, size: 1073741824
Narrow klass base: 0x0000000800000000, Narrow klass shift: 3, Narrow klass range: 0x100000000

GC Precious Log:
 CPUs: 4 total, 4 available
 Memory: 8008M
 Large Page Support: Disabled
 NUMA Support: Disabled
 Compressed Oops: Enabled (32-bit)
 Heap Region Size: 1M
 Heap Min Capacity: 8M
 Heap Initial Capacity: 126M
 Heap Max Capacity: 2004M
 Pre-touch: Disabled
 Parallel Workers: 4
 Concurrent Workers: 1
 Concurrent Refinement Workers: 4
 Periodic GC: Disabled

Heap:
 garbage-first heap   total 129024K, used 12288K [0x0000000082c00000, 0x0000000100000000)
  region size 1024K, 13 young (13312K), 0 survivors (0K)
 Metaspace       used 11250K, capacity 11537K, committed 11648K, reserved 1058816K
  class space    used 1272K, capacity 1363K, committed 1408K, reserved 1048576K

Heap Regions: E=young(eden), S=young(survivor), O=old, HS=humongous(starts), HC=humongous(continues), CS=collection set, F=free, OA=open archive, CA=closed archive, TAMS=top-at-mark-start (previous, next)
|   0|0x0000000082c00000, 0x0000000082c00000, 0x0000000082d00000|  0%| F|  |TAMS 0x0000000082c00000, 0x0000000082c00000| Untracked 
|   1|0x0000000082d00000, 0x0000000082d00000, 0x0000000082e00000|  0%| F|  |TAMS 0x0000000082d00000, 0x0000000082d00000| Untracked 
|   2|0x0000000082e00000, 0x0000000082e00000, 0x0000000082f00000|  0%| F|  |TAMS 0x0000000082e00000, 0x0000000082e00000| Untracked 
|   3|0x0000000082f00000, 0x0000000082f00000, 0x0000000083000000|  0%| F|  |TAMS 0x0000000082f00000, 0x0000000082f00000| Untracked 
|   4|0x0000000083000000, 0x0000000083000000, 0x0000000083100000|  0%| F|  |TAMS 0x0000000083000000, 0x0000000083000000| Untracked 
|   5|0x0000000083100000, 0x0000000083100000, 0x0000000083200000|  0%| F|  |TAMS 0x0000000083100000, 0x0000000083100000| Untracked 
|   6|0x0000000083200000, 0x0000000083200000, 0x0000000083300000|  0%| F|  |TAMS 0x0000000083200000, 0x0000000083200000| Untracked 
|   7|0x0000000083300000, 0x0000000083300000, 0x0000000083400000|  0%| F|  |TAMS 0x0000000083300000, 0x0000000083300000| Untracked 
|   8|0x0000000083400000, 0x0000000083400000, 0x0000000083500000|  0%| F|  |TAMS 0x0000000083400000, 0x0000000083400000| Untracked 
|   9|0x0000000083500000, 0x0000000083500000, 0x0000000083600000|  0%| F|  |TAMS 0x0000000083500000, 0x0000000083500000| Untracked 
|  10|0x0000000083600000, 0x0000000083600000, 0x0000000083700000|  0%| F|  |TAMS 0x0000000083600000, 0x0000000083600000| Untracked 
|  11|0x0000000083700000, 0x0000000083700000, 0x0000000083800000|  0%| F|  |TAMS 0x0000000083700000, 0x0000000083700000| Untracked 
|  12|0x0000000083800000, 0x0000000083800000, 0x0000000083900000|  0%| F|  |TAMS 0x0000000083800000, 0x0000000083800000| Untracked 
|  13|0x0000000083900000, 0x0000000083900000, 0x0000000083a00000|  0%| F|  |TAMS 0x0000000083900000, 0x0000000083900000| Untracked 
|  14|0x0000000083a00000, 0x0000000083a00000, 0x0000000083b00000|  0%| F|  |TAMS 0x0000000083a00000, 0x0000000083a00000| Untracked 
|  15|0x0000000083b00000, 0x0000000083b00000, 0x0000000083c00000|  0%| F|  |TAMS 0x0000000083b00000, 0x0000000083b00000| Untracked 
|  16|0x0000000083c00000, 0x0000000083c00000, 0x0000000083d00000|  0%| F|  |TAMS 0x0000000083c00000, 0x0000000083c00000| Untracked 
|  17|0x0000000083d00000, 0x0000000083d00000, 0x0000000083e00000|  0%| F|  |TAMS 0x0000000083d00000, 0x0000000083d00000| Untracked 
|  18|0x0000000083e00000, 0x0000000083e00000, 0x0000000083f00000|  0%| F|  |TAMS 0x0000000083e00000, 0x0000000083e00000| Untracked 
|  19|0x0000000083f00000, 0x0000000083f00000, 0x0000000084000000|  0%| F|  |TAMS 0x0000000083f00000, 0x0000000083f00000| Untracked 
|  20|0x0000000084000000, 0x0000000084000000, 0x0000000084100000|  0%| F|  |TAMS 0x0000000084000000, 0x0000000084000000| Untracked 
|  21|0x0000000084100000, 0x0000000084100000, 0x0000000084200000|  0%| F|  |TAMS 0x0000000084100000, 0x0000000084100000| Untracked 
|  22|0x0000000084200000, 0x0000000084200000, 0x0000000084300000|  0%| F|  |TAMS 0x0000000084200000, 0x0000000084200000| Untracked 
|  23|0x0000000084300000, 0x0000000084300000, 0x0000000084400000|  0%| F|  |TAMS 0x0000000084300000, 0x0000000084300000| Untracked 
|  24|0x0000000084400000, 0x0000000084400000, 0x0000000084500000|  0%| F|  |TAMS 0x0000000084400000, 0x0000000084400000| Untracked 
|  25|0x0000000084500000, 0x0000000084500000, 0x0000000084600000|  0%| F|  |TAMS 0x0000000084500000, 0x0000000084500000| Untracked 
|  26|0x0000000084600000, 0x0000000084600000, 0x0000000084700000|  0%| F|  |TAMS 0x0000000084600000, 0x0000000084600000| Untracked 
|  27|0x0000000084700000, 0x0000000084700000, 0x0000000084800000|  0%| F|  |TAMS 0x0000000084700000, 0x0000000084700000| Untracked 
|  28|0x0000000084800000, 0x0000000084800000, 0x0000000084900000|  0%| F|  |TAMS 0x0000000084800000, 0x0000000084800000| Untracked 
|  29|0x0000000084900000, 0x0000000084900000, 0x0000000084a00000|  0%| F|  |TAMS 0x0000000084900000, 0x0000000084900000| Untracked 
|  30|0x0000000084a00000, 0x0000000084a00000, 0x0000000084b00000|  0%| F|  |TAMS 0x0000000084a00000, 0x0000000084a00000| Untracked 
|  31|0x0000000084b00000, 0x0000000084b00000, 0x0000000084c00000|  0%| F|  |TAMS 0x0000000084b00000, 0x0000000084b00000| Untracked 
|  32|0x0000000084c00000, 0x0000000084c00000, 0x0000000084d00000|  0%| F|  |TAMS 0x0000000084c00000, 0x0000000084c00000| Untracked 
|  33|0x0000000084d00000, 0x0000000084d00000, 0x0000000084e00000|  0%| F|  |TAMS 0x0000000084d00000, 0x0000000084d00000| Untracked 
|  34|0x0000000084e00000, 0x0000000084e00000, 0x0000000084f00000|  0%| F|  |TAMS 0x0000000084e00000, 0x0000000084e00000| Untracked 
|  35|0x0000000084f00000, 0x0000000084f00000, 0x0000000085000000|  0%| F|  |TAMS 0x0000000084f00000, 0x0000000084f00000| Untracked 
|  36|0x0000000085000000, 0x0000000085000000, 0x0000000085100000|  0%| F|  |TAMS 0x0000000085000000, 0x0000000085000000| Untracked 
|  37|0x0000000085100000, 0x0000000085100000, 0x0000000085200000|  0%| F|  |TAMS 0x0000000085100000, 0x0000000085100000| Untracked 
|  38|0x0000000085200000, 0x0000000085200000, 0x0000000085300000|  0%| F|  |TAMS 0x0000000085200000, 0x0000000085200000| Untracked 
|  39|0x0000000085300000, 0x0000000085300000, 0x0000000085400000|  0%| F|  |TAMS 0x0000000085300000, 0x0000000085300000| Untracked 
|  40|0x0000000085400000, 0x0000000085400000, 0x0000000085500000|  0%| F|  |TAMS 0x0000000085400000, 0x0000000085400000| Untracked 
|  41|0x0000000085500000, 0x0000000085500000, 0x0000000085600000|  0%| F|  |TAMS 0x0000000085500000, 0x0000000085500000| Untracked 
|  42|0x0000000085600000, 0x0000000085600000, 0x0000000085700000|  0%| F|  |TAMS 0x0000000085600000, 0x0000000085600000| Untracked 
|  43|0x0000000085700000, 0x0000000085700000, 0x0000000085800000|  0%| F|  |TAMS 0x0000000085700000, 0x0000000085700000| Untracked 
|  44|0x0000000085800000, 0x0000000085800000, 0x0000000085900000|  0%| F|  |TAMS 0x0000000085800000, 0x0000000085800000| Untracked 
|  45|0x0000000085900000, 0x0000000085900000, 0x0000000085a00000|  0%| F|  |TAMS 0x0000000085900000, 0x0000000085900000| Untracked 
|  46|0x0000000085a00000, 0x0000000085a00000, 0x0000000085b00000|  0%| F|  |TAMS 0x0000000085a00000, 0x0000000085a00000| Untracked 
|  47|0x0000000085b00000, 0x0000000085b00000, 0x0000000085c00000|  0%| F|  |TAMS 0x0000000085b00000, 0x0000000085b00000| Untracked 
|  48|0x0000000085c00000, 0x0000000085c00000, 0x0000000085d00000|  0%| F|  |TAMS 0x0000000085c00000, 0x0000000085c00000| Untracked 
|  49|0x0000000085d00000, 0x0000000085d00000, 0x0000000085e00000|  0%| F|  |TAMS 0x0000000085d00000, 0x0000000085d00000| Untracked 
|  50|0x0000000085e00000, 0x0000000085e00000, 0x0000000085f00000|  0%| F|  |TAMS 0x0000000085e00000, 0x0000000085e00000| Untracked 
|  51|0x0000000085f00000, 0x0000000085f00000, 0x0000000086000000|  0%| F|  |TAMS 0x0000000085f00000, 0x0000000085f00000| Untracked 
|  52|0x0000000086000000, 0x0000000086000000, 0x0000000086100000|  0%| F|  |TAMS 0x0000000086000000, 0x0000000086000000| Untracked 
|  53|0x0000000086100000, 0x0000000086100000, 0x0000000086200000|  0%| F|  |TAMS 0x0000000086100000, 0x0000000086100000| Untracked 
|  54|0x0000000086200000, 0x0000000086200000, 0x0000000086300000|  0%| F|  |TAMS 0x0000000086200000, 0x0000000086200000| Untracked 
|  55|0x0000000086300000, 0x0000000086300000, 0x0000000086400000|  0%| F|  |TAMS 0x0000000086300000, 0x0000000086300000| Untracked 
|  56|0x0000000086400000, 0x0000000086400000, 0x0000000086500000|  0%| F|  |TAMS 0x0000000086400000, 0x0000000086400000| Untracked 
|  57|0x0000000086500000, 0x0000000086500000, 0x0000000086600000|  0%| F|  |TAMS 0x0000000086500000, 0x0000000086500000| Untracked 
|  58|0x0000000086600000, 0x0000000086600000, 0x0000000086700000|  0%| F|  |TAMS 0x0000000086600000, 0x0000000086600000| Untracked 
|  59|0x0000000086700000, 0x0000000086700000, 0x0000000086800000|  0%| F|  |TAMS 0x0000000086700000, 0x0000000086700000| Untracked 
|  60|0x0000000086800000, 0x0000000086800000, 0x0000000086900000|  0%| F|  |TAMS 0x0000000086800000, 0x0000000086800000| Untracked 
|  61|0x0000000086900000, 0x0000000086900000, 0x0000000086a00000|  0%| F|  |TAMS 0x0000000086900000, 0x0000000086900000| Untracked 
|  62|0x0000000086a00000, 0x0000000086a00000, 0x0000000086b00000|  0%| F|  |TAMS 0x0000000086a00000, 0x0000000086a00000| Untracked 
|  63|0x0000000086b00000, 0x0000000086b00000, 0x0000000086c00000|  0%| F|  |TAMS 0x0000000086b00000, 0x0000000086b00000| Untracked 
|  64|0x0000000086c00000, 0x0000000086c00000, 0x0000000086d00000|  0%| F|  |TAMS 0x0000000086c00000, 0x0000000086c00000| Untracked 
|  65|0x0000000086d00000, 0x0000000086d00000, 0x0000000086e00000|  0%| F|  |TAMS 0x0000000086d00000, 0x0000000086d00000| Untracked 
|  66|0x0000000086e00000, 0x0000000086e00000, 0x0000000086f00000|  0%| F|  |TAMS 0x0000000086e00000, 0x0000000086e00000| Untracked 
|  67|0x0000000086f00000, 0x0000000086f00000, 0x0000000087000000|  0%| F|  |TAMS 0x0000000086f00000, 0x0000000086f00000| Untracked 
|  68|0x0000000087000000, 0x0000000087000000, 0x0000000087100000|  0%| F|  |TAMS 0x0000000087000000, 0x0000000087000000| Untracked 
|  69|0x0000000087100000, 0x0000000087100000, 0x0000000087200000|  0%| F|  |TAMS 0x0000000087100000, 0x0000000087100000| Untracked 
|  70|0x0000000087200000, 0x0000000087200000, 0x0000000087300000|  0%| F|  |TAMS 0x0000000087200000, 0x0000000087200000| Untracked 
|  71|0x0000000087300000, 0x0000000087300000, 0x0000000087400000|  0%| F|  |TAMS 0x0000000087300000, 0x0000000087300000| Untracked 
|  72|0x0000000087400000, 0x0000000087400000, 0x0000000087500000|  0%| F|  |TAMS 0x0000000087400000, 0x0000000087400000| Untracked 
|  73|0x0000000087500000, 0x0000000087500000, 0x0000000087600000|  0%| F|  |TAMS 0x0000000087500000, 0x0000000087500000| Untracked 
|  74|0x0000000087600000, 0x0000000087600000, 0x0000000087700000|  0%| F|  |TAMS 0x0000000087600000, 0x0000000087600000| Untracked 
|  75|0x0000000087700000, 0x0000000087700000, 0x0000000087800000|  0%| F|  |TAMS 0x0000000087700000, 0x0000000087700000| Untracked 
|  76|0x0000000087800000, 0x0000000087800000, 0x0000000087900000|  0%| F|  |TAMS 0x0000000087800000, 0x0000000087800000| Untracked 
|  77|0x0000000087900000, 0x0000000087900000, 0x0000000087a00000|  0%| F|  |TAMS 0x0000000087900000, 0x0000000087900000| Untracked 
|  78|0x0000000087a00000, 0x0000000087a00000, 0x0000000087b00000|  0%| F|  |TAMS 0x0000000087a00000, 0x0000000087a00000| Untracked 
|  79|0x0000000087b00000, 0x0000000087b00000, 0x0000000087c00000|  0%| F|  |TAMS 0x0000000087b00000, 0x0000000087b00000| Untracked 
|  80|0x0000000087c00000, 0x0000000087c00000, 0x0000000087d00000|  0%| F|  |TAMS 0x0000000087c00000, 0x0000000087c00000| Untracked 
|  81|0x0000000087d00000, 0x0000000087d00000, 0x0000000087e00000|  0%| F|  |TAMS 0x0000000087d00000, 0x0000000087d00000| Untracked 
|  82|0x0000000087e00000, 0x0000000087e00000, 0x0000000087f00000|  0%| F|  |TAMS 0x0000000087e00000, 0x0000000087e00000| Untracked 
|  83|0x0000000087f00000, 0x0000000087f00000, 0x0000000088000000|  0%| F|  |TAMS 0x0000000087f00000, 0x0000000087f00000| Untracked 
|  84|0x0000000088000000, 0x0000000088000000, 0x0000000088100000|  0%| F|  |TAMS 0x0000000088000000, 0x0000000088000000| Untracked 
|  85|0x0000000088100000, 0x0000000088100000, 0x0000000088200000|  0%| F|  |TAMS 0x0000000088100000, 0x0000000088100000| Untracked 
|  86|0x0000000088200000, 0x0000000088200000, 0x0000000088300000|  0%| F|  |TAMS 0x0000000088200000, 0x0000000088200000| Untracked 
|  87|0x0000000088300000, 0x0000000088300000, 0x0000000088400000|  0%| F|  |TAMS 0x0000000088300000, 0x0000000088300000| Untracked 
|  88|0x0000000088400000, 0x0000000088400000, 0x0000000088500000|  0%| F|  |TAMS 0x0000000088400000, 0x0000000088400000| Untracked 
|  89|0x0000000088500000, 0x0000000088500000, 0x0000000088600000|  0%| F|  |TAMS 0x0000000088500000, 0x0000000088500000| Untracked 
|  90|0x0000000088600000, 0x0000000088600000, 0x0000000088700000|  0%| F|  |TAMS 0x0000000088600000, 0x0000000088600000| Untracked 
|  91|0x0000000088700000, 0x0000000088700000, 0x0000000088800000|  0%| F|  |TAMS 0x0000000088700000, 0x0000000088700000| Untracked 
|  92|0x0000000088800000, 0x0000000088800000, 0x0000000088900000|  0%| F|  |TAMS 0x0000000088800000, 0x0000000088800000| Untracked 
|  93|0x0000000088900000, 0x0000000088900000, 0x0000000088a00000|  0%| F|  |TAMS 0x0000000088900000, 0x0000000088900000| Untracked 
|  94|0x0000000088a00000, 0x0000000088a00000, 0x0000000088b00000|  0%| F|  |TAMS 0x0000000088a00000, 0x0000000088a00000| Untracked 
|  95|0x0000000088b00000, 0x0000000088b00000, 0x0000000088c00000|  0%| F|  |TAMS 0x0000000088b00000, 0x0000000088b00000| Untracked 
|  96|0x0000000088c00000, 0x0000000088c00000, 0x0000000088d00000|  0%| F|  |TAMS 0x0000000088c00000, 0x0000000088c00000| Untracked 
|  97|0x0000000088d00000, 0x0000000088d00000, 0x0000000088e00000|  0%| F|  |TAMS 0x0000000088d00000, 0x0000000088d00000| Untracked 
|  98|0x0000000088e00000, 0x0000000088e00000, 0x0000000088f00000|  0%| F|  |TAMS 0x0000000088e00000, 0x0000000088e00000| Untracked 
|  99|0x0000000088f00000, 0x0000000088f00000, 0x0000000089000000|  0%| F|  |TAMS 0x0000000088f00000, 0x0000000088f00000| Untracked 
| 100|0x0000000089000000, 0x0000000089000000, 0x0000000089100000|  0%| F|  |TAMS 0x0000000089000000, 0x0000000089000000| Untracked 
| 101|0x0000000089100000, 0x0000000089100000, 0x0000000089200000|  0%| F|  |TAMS 0x0000000089100000, 0x0000000089100000| Untracked 
| 102|0x0000000089200000, 0x0000000089200000, 0x0000000089300000|  0%| F|  |TAMS 0x0000000089200000, 0x0000000089200000| Untracked 
| 103|0x0000000089300000, 0x0000000089300000, 0x0000000089400000|  0%| F|  |TAMS 0x0000000089300000, 0x0000000089300000| Untracked 
| 104|0x0000000089400000, 0x0000000089400000, 0x0000000089500000|  0%| F|  |TAMS 0x0000000089400000, 0x0000000089400000| Untracked 
| 105|0x0000000089500000, 0x0000000089500000, 0x0000000089600000|  0%| F|  |TAMS 0x0000000089500000, 0x0000000089500000| Untracked 
| 106|0x0000000089600000, 0x0000000089600000, 0x0000000089700000|  0%| F|  |TAMS 0x0000000089600000, 0x0000000089600000| Untracked 
| 107|0x0000000089700000, 0x0000000089700000, 0x0000000089800000|  0%| F|  |TAMS 0x0000000089700000, 0x0000000089700000| Untracked 
| 108|0x0000000089800000, 0x0000000089800000, 0x0000000089900000|  0%| F|  |TAMS 0x0000000089800000, 0x0000000089800000| Untracked 
| 109|0x0000000089900000, 0x0000000089900000, 0x0000000089a00000|  0%| F|  |TAMS 0x0000000089900000, 0x0000000089900000| Untracked 
| 110|0x0000000089a00000, 0x0000000089a00000, 0x0000000089b00000|  0%| F|  |TAMS 0x0000000089a00000, 0x0000000089a00000| Untracked 
| 111|0x0000000089b00000, 0x0000000089b00000, 0x0000000089c00000|  0%| F|  |TAMS 0x0000000089b00000, 0x0000000089b00000| Untracked 
| 112|0x0000000089c00000, 0x0000000089c00000, 0x0000000089d00000|  0%| F|  |TAMS 0x0000000089c00000, 0x0000000089c00000| Untracked 
| 113|0x0000000089d00000, 0x0000000089d52bf8, 0x0000000089e00000| 32%| E|  |TAMS 0x0000000089d00000, 0x0000000089d00000| Complete 
| 114|0x0000000089e00000, 0x0000000089f00000, 0x0000000089f00000|100%| E|CS|TAMS 0x0000000089e00000, 0x0000000089e00000| Complete 
| 115|0x0000000089f00000, 0x000000008a000000, 0x000000008a000000|100%| E|CS|TAMS 0x0000000089f00000, 0x0000000089f00000| Complete 
| 116|0x000000008a000000, 0x000000008a100000, 0x000000008a100000|100%| E|CS|TAMS 0x000000008a000000, 0x000000008a000000| Complete 
| 117|0x000000008a100000, 0x000000008a200000, 0x000000008a200000|100%| E|CS|TAMS 0x000000008a100000, 0x000000008a100000| Complete 
| 118|0x000000008a200000, 0x000000008a300000, 0x000000008a300000|100%| E|CS|TAMS 0x000000008a200000, 0x000000008a200000| Complete 
| 119|0x000000008a300000, 0x000000008a400000, 0x000000008a400000|100%| E|CS|TAMS 0x000000008a300000, 0x000000008a300000| Complete 
| 120|0x000000008a400000, 0x000000008a500000, 0x000000008a500000|100%| E|CS|TAMS 0x000000008a400000, 0x000000008a400000| Complete 
| 121|0x000000008a500000, 0x000000008a600000, 0x000000008a600000|100%| E|CS|TAMS 0x000000008a500000, 0x000000008a500000| Complete 
| 122|0x000000008a600000, 0x000000008a700000, 0x000000008a700000|100%| E|CS|TAMS 0x000000008a600000, 0x000000008a600000| Complete 
| 123|0x000000008a700000, 0x000000008a800000, 0x000000008a800000|100%| E|CS|TAMS 0x000000008a700000, 0x000000008a700000| Complete 
| 124|0x000000008a800000, 0x000000008a900000, 0x000000008a900000|100%| E|CS|TAMS 0x000000008a800000, 0x000000008a800000| Complete 
| 125|0x000000008a900000, 0x000000008aa00000, 0x000000008aa00000|100%| E|CS|TAMS 0x000000008a900000, 0x000000008a900000| Complete 

Card table byte_map: [0x000001cffacf0000,0x000001cffb0e0000] _byte_map_base: 0x000001cffa8da000

Marking Bits (Prev, Next): (CMBitMap*) 0x000001cfff3838e0, (CMBitMap*) 0x000001cfff383920
 Prev Bits: [0x000001cffb4d0000, 0x000001cffd420000)
 Next Bits: [0x000001cffd420000, 0x000001cfff370000)

Polling page: 0x000001cff0790000

Metaspace:

Usage:
  Non-class:      9.94 MB capacity,     9.78 MB ( 98%) used,   147.52 KB (  1%) free+waste,    15.44 KB ( <1%) overhead. 
      Class:      1.36 MB capacity,     1.25 MB ( 91%) used,   112.20 KB (  8%) free+waste,     6.50 KB ( <1%) overhead. 
       Both:     11.30 MB capacity,    11.02 MB ( 98%) used,   259.72 KB (  2%) free+waste,    21.94 KB ( <1%) overhead. 

Virtual space:
  Non-class space:       10.00 MB reserved,      10.00 MB (100%) committed 
      Class space:        1.00 GB reserved,       1.38 MB ( <1%) committed 
             Both:        1.01 GB reserved,      11.38 MB (  1%) committed 

Chunk freelists:
   Non-Class:  2.00 KB
       Class:  13.00 KB
        Both:  15.00 KB

MaxMetaspaceSize: 17179869184.00 GB
CompressedClassSpaceSize: 1.00 GB

CodeHeap 'non-profiled nmethods': size=120000Kb used=324Kb max_used=324Kb free=119675Kb
 bounds [0x000001cf87ad0000, 0x000001cf87d40000, 0x000001cf8f000000]
CodeHeap 'profiled nmethods': size=120000Kb used=1689Kb max_used=1689Kb free=118310Kb
 bounds [0x000001cf805a0000, 0x000001cf80810000, 0x000001cf87ad0000]
CodeHeap 'non-nmethods': size=5760Kb used=1315Kb max_used=1329Kb free=4444Kb
 bounds [0x000001cf80000000, 0x000001cf80270000, 0x000001cf805a0000]
 total_blobs=1637 nmethods=1023 adapters=527
 compilation: enabled
              stopped_count=0, restarted_count=0
 full_count=0

Compilation events (20 events):
Event: 0.749 Thread 0x000001cfff54b300 nmethod 1008 0x000001cf8073f110 code [0x000001cf8073f400, 0x000001cf80740728]
Event: 0.749 Thread 0x000001cfff54b300 1009       3       java.util.WeakHashMap::indexFor (6 bytes)
Event: 0.749 Thread 0x000001cfff54b300 nmethod 1009 0x000001cf80740e90 code [0x000001cf80741020, 0x000001cf807410f8]
Event: 0.750 Thread 0x000001cfff54b300 1011       3       java.security.CodeSource::getCertificates (98 bytes)
Event: 0.751 Thread 0x000001cfff54b300 nmethod 1011 0x000001cf80741190 code [0x000001cf80741400, 0x000001cf80741f98]
Event: 0.751 Thread 0x000001cfff54b300 1012       3       java.io.File::isInvalid (48 bytes)
Event: 0.751 Thread 0x000001cfff54b300 nmethod 1012 0x000001cf80742290 code [0x000001cf80742480, 0x000001cf80742978]
Event: 0.751 Thread 0x000001cfff54b300 1013   !   3       java.util.jar.JarFile::checkForSpecialAttributes (163 bytes)
Event: 0.752 Thread 0x000001cfff54b300 nmethod 1013 0x000001cf80742b10 code [0x000001cf80742e20, 0x000001cf807440d8]
Event: 0.752 Thread 0x000001cfff54b300 1014   !   3       java.util.jar.JarFile::isMultiRelease (33 bytes)
Event: 0.752 Thread 0x000001cfff54b300 nmethod 1014 0x000001cf80744910 code [0x000001cf80744ac0, 0x000001cf80744ca8]
Event: 0.753 Thread 0x000001cfff54b300 1015       3       java.io.RandomAccessFile::seek (22 bytes)
Event: 0.753 Thread 0x000001cfff54b300 nmethod 1015 0x000001cf80744d90 code [0x000001cf80744f40, 0x000001cf80745178]
Event: 0.753 Thread 0x000001cfff54b300 1017       3       java.lang.String::indexOf (18 bytes)
Event: 0.753 Thread 0x000001cfff54b300 nmethod 1017 0x000001cf80745290 code [0x000001cf80745460, 0x000001cf80745728]
Event: 0.753 Thread 0x000001cfff54b300 1018       3       java.lang.String::indexOf (113 bytes)
Event: 0.754 Thread 0x000001cfff54b300 nmethod 1018 0x000001cf80745890 code [0x000001cf80745a80, 0x000001cf80745fe8]
Event: 0.754 Thread 0x000001cfff54b300 1019       3       sun.net.www.protocol.file.Handler::parseURL (18 bytes)
Event: 0.754 Thread 0x000001cfff54b300 nmethod 1019 0x000001cf80746190 code [0x000001cf80746340, 0x000001cf807464d8]
Event: 0.754 Thread 0x000001cfff54b300 1020       3       java.net.URLStreamHandler::parseURL (1201 bytes)

GC Heap History (0 events):
No events

Deoptimization events (20 events):
Event: 0.524 Thread 0x000001cfffd980d0 DEOPT PACKING pc=0x000001cf87aee7a4 sp=0x000000c330dfea00
Event: 0.524 Thread 0x000001cfffd980d0 DEOPT UNPACKING pc=0x000001cf8004e42f sp=0x000000c330dfe9a0 mode 2
Event: 0.660 Thread 0x000001cfffd980d0 DEOPT PACKING pc=0x000001cf80703a99 sp=0x000000c330dfbcd0
Event: 0.660 Thread 0x000001cfffd980d0 DEOPT UNPACKING pc=0x000001cf8004e23f sp=0x000000c330dfb1c8 mode 0
Event: 0.661 Thread 0x000001cfffd980d0 DEOPT PACKING pc=0x000001cf80703a99 sp=0x000000c330dfbcd0
Event: 0.661 Thread 0x000001cfffd980d0 DEOPT UNPACKING pc=0x000001cf8004e23f sp=0x000000c330dfb1c8 mode 0
Event: 0.662 Thread 0x000001cfffd980d0 DEOPT PACKING pc=0x000001cf80703a99 sp=0x000000c330dfbcd0
Event: 0.662 Thread 0x000001cfffd980d0 DEOPT UNPACKING pc=0x000001cf8004e23f sp=0x000000c330dfb1c8 mode 0
Event: 0.662 Thread 0x000001cfffd980d0 DEOPT PACKING pc=0x000001cf80703a99 sp=0x000000c330dfbcd0
Event: 0.662 Thread 0x000001cfffd980d0 DEOPT UNPACKING pc=0x000001cf8004e23f sp=0x000000c330dfb1c8 mode 0
Event: 0.663 Thread 0x000001cfffd980d0 DEOPT PACKING pc=0x000001cf80703a99 sp=0x000000c330dfbcd0
Event: 0.663 Thread 0x000001cfffd980d0 DEOPT UNPACKING pc=0x000001cf8004e23f sp=0x000000c330dfb1c8 mode 0
Event: 0.666 Thread 0x000001cfffd980d0 DEOPT PACKING pc=0x000001cf80703a99 sp=0x000000c330dfbcd0
Event: 0.666 Thread 0x000001cfffd980d0 DEOPT UNPACKING pc=0x000001cf8004e23f sp=0x000000c330dfb1c8 mode 0
Event: 0.667 Thread 0x000001cfffd980d0 DEOPT PACKING pc=0x000001cf80703a99 sp=0x000000c330dfbcd0
Event: 0.667 Thread 0x000001cfffd980d0 DEOPT UNPACKING pc=0x000001cf8004e23f sp=0x000000c330dfb1c8 mode 0
Event: 0.668 Thread 0x000001cfffd980d0 DEOPT PACKING pc=0x000001cf80703a99 sp=0x000000c330dfbcd0
Event: 0.668 Thread 0x000001cfffd980d0 DEOPT UNPACKING pc=0x000001cf8004e23f sp=0x000000c330dfb1c8 mode 0
Event: 0.668 Thread 0x000001cfffd980d0 DEOPT PACKING pc=0x000001cf80703a99 sp=0x000000c330dfbcd0
Event: 0.668 Thread 0x000001cfffd980d0 DEOPT UNPACKING pc=0x000001cf8004e23f sp=0x000000c330dfb1c8 mode 0

Classes unloaded (0 events):
No events

Classes redefined (0 events):
No events

Internal exceptions (16 events):
Event: 0.108 Thread 0x000001cff2101510 Exception <a 'java/lang/ClassNotFoundException'{0x000000008a9f38c0}: sun/awt/resources/spi/awtProvider> (0x000000008a9f38c0) 
thrown [./open/src/hotspot/share/classfile/systemDictionary.cpp, line 295]
Event: 0.166 Thread 0x000001cff2101510 Exception <a 'java/io/FileNotFoundException'{0x000000008a854c58}> (0x000000008a854c58) 
thrown [./open/src/hotspot/share/prims/jni.cpp, line 578]
Event: 0.188 Thread 0x000001cff2101510 Exception <a 'java/io/FileNotFoundException'{0x000000008a883508}> (0x000000008a883508) 
thrown [./open/src/hotspot/share/prims/jni.cpp, line 578]
Event: 0.189 Thread 0x000001cff2101510 Exception <a 'java/lang/NoSuchMethodError'{0x000000008a884810}: 'java.lang.Object java.lang.invoke.DirectMethodHandle$Holder.invokeStatic(java.lang.Object)'> (0x000000008a884810) 
thrown [./open/src/hotspot/share/interpreter/linkResolver.cpp, line 782]
Event: 0.196 Thread 0x000001cff2101510 Exception <a 'java/lang/NoSuchMethodError'{0x000000008a892b10}: 'void java.lang.invoke.DirectMethodHandle$Holder.invokeSpecial(java.lang.Object, java.lang.Object, java.lang.Object)'> (0x000000008a892b10) 
thrown [./open/src/hotspot/share/interpreter/linkResolver.cpp, line 782]
Event: 0.274 Thread 0x000001cff2101510 Exception <a 'java/lang/NoSuchMethodError'{0x000000008a74ff00}: 'java.lang.Object java.lang.invoke.DirectMethodHandle$Holder.invokeStaticInit(java.lang.Object)'> (0x000000008a74ff00) 
thrown [./open/src/hotspot/share/interpreter/linkResolver.cpp, line 782]
Event: 0.360 Thread 0x000001cfffd980d0 Exception <a 'java/lang/NoSuchMethodError'{0x000000008a656d30}: 'java.lang.Object java.lang.invoke.DirectMethodHandle$Holder.newInvokeSpecial(java.lang.Object, java.lang.Object, java.lang.Object, java.lang.Object, java.lang.Object)'> (0x000000008a656d30) 
thrown [./open/src/hotspot/share/interpreter/linkResolver.cpp, line 782]
Event: 0.362 Thread 0x000001cfffd980d0 Exception <a 'java/lang/NoSuchMethodError'{0x000000008a6627c0}: 'java.lang.Object java.lang.invoke.DirectMethodHandle$Holder.invokeStatic(java.lang.Object, int, java.lang.Object, java.lang.Object, java.lang.Object, java.lang.Object)'> (0x000000008a6627c0) 
thrown [./open/src/hotspot/share/interpreter/linkResolver.cpp, line 782]
Event: 0.366 Thread 0x000001cfffd980d0 Exception <a 'java/lang/NoSuchMethodError'{0x000000008a688cc8}: 'java.lang.Object java.lang.invoke.DirectMethodHandle$Holder.invokeStatic(java.lang.Object, int, java.lang.Object)'> (0x000000008a688cc8) 
thrown [./open/src/hotspot/share/interpreter/linkResolver.cpp, line 782]
Event: 0.389 Thread 0x000001cfffd980d0 Exception <a 'java/lang/ClassNotFoundException'{0x000000008a5412c0}: com/sun/swing/internal/plaf/metal/resources/spi/metalProvider> (0x000000008a5412c0) 
thrown [./open/src/hotspot/share/classfile/systemDictionary.cpp, line 295]
Event: 0.390 Thread 0x000001cfffd980d0 Exception <a 'java/lang/ClassNotFoundException'{0x000000008a545838}: com/sun/swing/internal/plaf/basic/resources/spi/basicProvider> (0x000000008a545838) 
thrown [./open/src/hotspot/share/classfile/systemDictionary.cpp, line 295]
Event: 0.455 Thread 0x000001cf91c80020 Exception <a 'java/lang/NoSuchMethodError'{0x000000008a4f3388}: 'java.lang.Object java.lang.invoke.DirectMethodHandle$Holder.newInvokeSpecial(java.lang.Object, java.lang.Object, java.lang.Object, int, int, int, int, int)'> (0x000000008a4f3388) 
thrown [./open/src/hotspot/share/interpreter/linkResolver.cpp, line 782]
Event: 0.477 Thread 0x000001cfffd980d0 Exception <a 'java/lang/NoSuchMethodError'{0x000000008a344af0}: 'void java.lang.invoke.DirectMethodHandle$Holder.invokeStaticInit(java.lang.Object)'> (0x000000008a344af0) 
thrown [./open/src/hotspot/share/interpreter/linkResolver.cpp, line 782]
Event: 0.648 Thread 0x000001cfffd980d0 Exception <a 'java/lang/NoSuchMethodError'{0x000000008a140040}: 'java.lang.Object java.lang.invoke.DirectMethodHandle$Holder.invokeInterface(java.lang.Object, java.lang.Object)'> (0x000000008a140040) 
thrown [./open/src/hotspot/share/interpreter/linkResolver.cpp, line 782]
Event: 0.679 Thread 0x000001cfffd980d0 Exception <a 'java/lang/NoSuchMethodError'{0x000000008a1ca828}: 'void java.lang.invoke.DirectMethodHandle$Holder.invokeStatic(java.lang.Object, java.lang.Object, java.lang.Object)'> (0x000000008a1ca828) 
thrown [./open/src/hotspot/share/interpreter/linkResolver.cpp, line 782]
Event: 0.681 Thread 0x000001cfffd980d0 Exception <a 'java/lang/NoSuchMethodError'{0x000000008a1d5478}: 'java.lang.Object java.lang.invoke.DirectMethodHandle$Holder.invokeVirtual(java.lang.Object, java.lang.Object, java.lang.Object)'> (0x000000008a1d5478) 
thrown [./open/src/hotspot/share/interpreter/linkResolver.cpp, line 782]

Events (20 events):
Event: 0.674 loading class java/math/MathContext
Event: 0.675 loading class java/math/MathContext done
Event: 0.677 loading class java/util/Collections$UnmodifiableMap$UnmodifiableEntrySet
Event: 0.678 loading class java/util/Collections$UnmodifiableMap$UnmodifiableEntrySet done
Event: 0.678 loading class java/util/Collections$UnmodifiableMap$UnmodifiableEntrySet$UnmodifiableEntrySetSpliterator
Event: 0.678 loading class java/util/Collections$UnmodifiableMap$UnmodifiableEntrySet$UnmodifiableEntrySetSpliterator done
Event: 0.678 loading class java/util/HashMap$EntrySpliterator
Event: 0.678 loading class java/util/HashMap$EntrySpliterator done
Event: 0.678 loading class java/lang/invoke/DirectMethodHandle$Special
Event: 0.678 loading class java/lang/invoke/DirectMethodHandle$Special done
Event: 0.683 loading class java/lang/NoSuchFieldError
Event: 0.683 loading class java/lang/NoSuchFieldError done
Event: 0.707 loading class java/lang/reflect/InvocationHandler
Event: 0.707 loading class java/lang/reflect/InvocationHandler done
Event: 0.725 loading class java/text/MessageFormat$Field
Event: 0.725 loading class java/text/MessageFormat$Field done
Event: 0.750 loading class java/lang/ArrayIndexOutOfBoundsException
Event: 0.750 loading class java/lang/IndexOutOfBoundsException
Event: 0.750 loading class java/lang/IndexOutOfBoundsException done
Event: 0.750 loading class java/lang/ArrayIndexOutOfBoundsException done


Dynamic libraries:
0x00007ff74f070000 - 0x00007ff74f07f000 	C:\Program Files\Java\jdk-15.0.2\bin\javaw.exe
0x00007ff8c7640000 - 0x00007ff8c7820000 	C:\Windows\SYSTEM32\ntdll.dll
0x00007ff8c64d0000 - 0x00007ff8c657e000 	C:\Windows\System32\KERNEL32.DLL
0x00007ff8c3ba0000 - 0x00007ff8c3e06000 	C:\Windows\System32\KERNELBASE.dll
0x00007ff8c3aa0000 - 0x00007ff8c3b96000 	C:\Windows\System32\ucrtbase.dll
0x00007ff8a6880000 - 0x00007ff8a6898000 	C:\Program Files\Java\jdk-15.0.2\bin\jli.dll
0x00007ff8c4fe0000 - 0x00007ff8c5081000 	C:\Windows\System32\ADVAPI32.dll
0x00007ff8c73f0000 - 0x00007ff8c748d000 	C:\Windows\System32\msvcrt.dll
0x00007ff8c7390000 - 0x00007ff8c73eb000 	C:\Windows\System32\sechost.dll
0x00007ff8c4ec0000 - 0x00007ff8c4fdf000 	C:\Windows\System32\RPCRT4.dll
0x00007ff8c4d30000 - 0x00007ff8c4ebe000 	C:\Windows\System32\USER32.dll
0x00007ff8c4100000 - 0x00007ff8c4120000 	C:\Windows\System32\win32u.dll
0x00007ff8c6da0000 - 0x00007ff8c6dc8000 	C:\Windows\System32\GDI32.dll
0x00007ff8c3f60000 - 0x00007ff8c40f1000 	C:\Windows\System32\gdi32full.dll
0x00007ff8c3ec0000 - 0x00007ff8c3f5b000 	C:\Windows\System32\msvcp_win.dll
0x00007ff8a65e0000 - 0x00007ff8a65f9000 	C:\Program Files\Java\jdk-15.0.2\bin\VCRUNTIME140.dll
0x00007ff8b6f90000 - 0x00007ff8b71f9000 	C:\Windows\WinSxS\amd64_microsoft.windows.common-controls_6595b64144ccf1df_6.0.16299.15_none_cc92fb402215d91d\COMCTL32.dll
0x00007ff8c66e0000 - 0x00007ff8c69e8000 	C:\Windows\System32\combase.dll
0x00007ff8c4a90000 - 0x00007ff8c4b02000 	C:\Windows\System32\bcryptPrimitives.dll
0x00007ff8c3690000 - 0x00007ff8c369a000 	C:\Windows\SYSTEM32\VERSION.dll
0x00007ff8c6c10000 - 0x00007ff8c6c3d000 	C:\Windows\System32\IMM32.DLL
0x00007ff8c36a0000 - 0x00007ff8c3797000 	C:\Windows\system32\guard64.dll
0x00007ff8c6c40000 - 0x00007ff8c6d89000 	C:\Windows\System32\ole32.dll
0x00007ff8c3680000 - 0x00007ff8c368a000 	C:\Windows\system32\fltlib.dll
0x00007ff8c5090000 - 0x00007ff8c64c7000 	C:\Windows\System32\shell32.dll
0x00007ff8c4120000 - 0x00007ff8c416a000 	C:\Windows\System32\cfgmgr32.dll
0x00007ff8c7490000 - 0x00007ff8c7536000 	C:\Windows\System32\shcore.dll
0x00007ff8c4170000 - 0x00007ff8c48b7000 	C:\Windows\System32\windows.storage.dll
0x00007ff8c6620000 - 0x00007ff8c6671000 	C:\Windows\System32\shlwapi.dll
0x00007ff8c39d0000 - 0x00007ff8c39e1000 	C:\Windows\System32\kernel.appcore.dll
0x00007ff8c39f0000 - 0x00007ff8c3a3c000 	C:\Windows\System32\powrprof.dll
0x00007ff8c3990000 - 0x00007ff8c39ab000 	C:\Windows\System32\profapi.dll
0x00007ff8b8c10000 - 0x00007ff8b8c1c000 	C:\Program Files\Java\jdk-15.0.2\bin\vcruntime140_1.dll
0x00007ff89eee0000 - 0x00007ff89ef71000 	C:\Program Files\Java\jdk-15.0.2\bin\msvcp140.dll
0x00007ff89c4a0000 - 0x00007ff89cffe000 	C:\Program Files\Java\jdk-15.0.2\bin\server\jvm.dll
0x00007ff8c4d20000 - 0x00007ff8c4d28000 	C:\Windows\System32\PSAPI.DLL
0x00007ff8bfda0000 - 0x00007ff8bfda9000 	C:\Windows\SYSTEM32\WSOCK32.dll
0x00007ff8c4cb0000 - 0x00007ff8c4d1c000 	C:\Windows\System32\WS2_32.dll
0x00007ff8c0930000 - 0x00007ff8c0953000 	C:\Windows\SYSTEM32\WINMM.dll
0x00007ff8c08d0000 - 0x00007ff8c08fa000 	C:\Windows\SYSTEM32\WINMMBASE.dll
0x00007ff8bfcd0000 - 0x00007ff8bfcda000 	C:\Program Files\Java\jdk-15.0.2\bin\jimage.dll
0x00007ff8a6e90000 - 0x00007ff8a7058000 	C:\Windows\SYSTEM32\DBGHELP.DLL
0x00007ff8a6c80000 - 0x00007ff8a6ca9000 	C:\Windows\SYSTEM32\dbgcore.DLL
0x00007ff8a6e30000 - 0x00007ff8a6e55000 	C:\Program Files\Java\jdk-15.0.2\bin\java.dll
0x00007ff89e4e0000 - 0x00007ff89e660000 	C:\Program Files\Java\jdk-15.0.2\bin\awt.dll
0x00007ff8c7540000 - 0x00007ff8c7605000 	C:\Windows\System32\OLEAUT32.dll
0x00007ff8c1d10000 - 0x00007ff8c1d97000 	C:\Windows\SYSTEM32\apphelp.dll
0x00007ff8a6e10000 - 0x00007ff8a6e29000 	C:\Program Files\Java\jdk-15.0.2\bin\net.dll
0x00007ff8b9d00000 - 0x00007ff8b9dde000 	C:\Windows\SYSTEM32\WINHTTP.dll
0x00007ff8c3100000 - 0x00007ff8c3166000 	C:\Windows\system32\mswsock.dll
0x00007ff8a6df0000 - 0x00007ff8a6e02000 	C:\Program Files\Java\jdk-15.0.2\bin\nio.dll
0x00007ff8a6dd0000 - 0x00007ff8a6de8000 	C:\Program Files\Java\jdk-15.0.2\bin\zip.dll
0x00007ff8c1df0000 - 0x00007ff8c1e85000 	C:\Windows\system32\uxtheme.dll
0x00007ff8c6a00000 - 0x00007ff8c6b67000 	C:\Windows\System32\MSCTF.dll
0x00007ff8c1fa0000 - 0x00007ff8c1fca000 	C:\Windows\system32\dwmapi.dll
0x00007ff8a5d40000 - 0x00007ff8a5e5e000 	C:\Windows\system32\opengl32.dll
0x00007ff8a74a0000 - 0x00007ff8a74cc000 	C:\Windows\SYSTEM32\GLU32.dll
0x00007ff89ee50000 - 0x00007ff89eed5000 	C:\Program Files\Java\jdk-15.0.2\bin\freetype.dll
0x00007ff89ece0000 - 0x00007ff89ed89000 	C:\Program Files\Java\jdk-15.0.2\bin\fontmanager.dll
0x00007ff8b85d0000 - 0x00007ff8b8668000 	C:\Windows\System32\TextInputFramework.dll
0x00007ff8bea70000 - 0x00007ff8bed5e000 	C:\Windows\System32\CoreUIComponents.dll
0x00007ff8c1140000 - 0x00007ff8c121d000 	C:\Windows\System32\CoreMessaging.dll
0x00007ff8c29b0000 - 0x00007ff8c29e1000 	C:\Windows\SYSTEM32\ntmarta.dll
0x00007ff8c0000000 - 0x00007ff8c0136000 	C:\Windows\SYSTEM32\wintypes.dll
0x00007ff8c2ee0000 - 0x00007ff8c2f96000 	C:\Windows\SYSTEM32\DNSAPI.dll
0x00007ff8c6d90000 - 0x00007ff8c6d98000 	C:\Windows\System32\NSI.dll
0x00007ff8c2e90000 - 0x00007ff8c2ec9000 	C:\Windows\SYSTEM32\IPHLPAPI.DLL
0x00007ff8b6840000 - 0x00007ff8b684a000 	C:\Windows\System32\rasadhlp.dll
0x00007ff8b9c90000 - 0x00007ff8b9d00000 	C:\Windows\System32\fwpuclnt.dll
0x00007ff8c33d0000 - 0x00007ff8c33f5000 	C:\Windows\SYSTEM32\bcrypt.dll

dbghelp: loaded successfully - version: 4.0.5 - missing functions: none
symbol engine: initialized successfully - sym options: 0x614 - pdb path: .;C:\Program Files\Java\jdk-15.0.2\bin;C:\Windows\SYSTEM32;C:\Windows\WinSxS\amd64_microsoft.windows.common-controls_6595b64144ccf1df_6.0.16299.15_none_cc92fb402215d91d;C:\Program Files\Java\jdk-15.0.2\bin\server

VM Arguments:
jvm_args: -Dfile.encoding=UTF-8 -XX:+ShowCodeDetailsInExceptionMessages 
java_command: view.App
java_class_path (initial): C:\Users\Administrator\git\Tn208Nhom3\target\classes;C:\Users\Administrator\.m2\repository\mysql\mysql-connector-java\8.0.19\mysql-connector-java-8.0.19.jar;C:\Users\Administrator\.m2\repository\com\google\protobuf\protobuf-java\3.6.1\protobuf-java-3.6.1.jar;C:\Users\Administrator\.m2\repository\eu\mindfusion\scheduling\2.1.3\scheduling-2.1.3.jar;C:\Users\Administrator\.m2\repository\org\jdatepicker\jdatepicker\1.3.4\jdatepicker-1.3.4.jar
Launcher Type: SUN_STANDARD

[Global flags]
     intx CICompilerCount                          = 3                                         {product} {ergonomic}
     uint ConcGCThreads                            = 1                                         {product} {ergonomic}
     uint G1ConcRefinementThreads                  = 4                                         {product} {ergonomic}
   size_t G1HeapRegionSize                         = 1048576                                   {product} {ergonomic}
    uintx GCDrainStackTargetSize                   = 64                                        {product} {ergonomic}
   size_t InitialHeapSize                          = 132120576                                 {product} {ergonomic}
   size_t MarkStackSize                            = 4194304                                   {product} {ergonomic}
   size_t MaxHeapSize                              = 2101346304                                {product} {ergonomic}
   size_t MaxNewSize                               = 1260388352                                {product} {ergonomic}
   size_t MinHeapDeltaBytes                        = 1048576                                   {product} {ergonomic}
   size_t MinHeapSize                              = 8388608                                   {product} {ergonomic}
    uintx NonNMethodCodeHeapSize                   = 5832780                                {pd product} {ergonomic}
    uintx NonProfiledCodeHeapSize                  = 122912730                              {pd product} {ergonomic}
    uintx ProfiledCodeHeapSize                     = 122912730                              {pd product} {ergonomic}
    uintx ReservedCodeCacheSize                    = 251658240                              {pd product} {ergonomic}
     bool SegmentedCodeCache                       = true                                      {product} {ergonomic}
     bool ShowCodeDetailsInExceptionMessages       = true                                   {manageable} {command line}
   size_t SoftMaxHeapSize                          = 2101346304                             {manageable} {ergonomic}
     bool UseCompressedClassPointers               = true                                 {lp64_product} {ergonomic}
     bool UseCompressedOops                        = true                                 {lp64_product} {ergonomic}
     bool UseG1GC                                  = true                                      {product} {ergonomic}
     bool UseLargePagesIndividualAllocation        = false                                  {pd product} {ergonomic}

Logging:
Log output configuration:
 #0: stdout all=warning uptime,level,tags
 #1: stderr all=off uptime,level,tags

Environment Variables:
PATH=C:/Program Files/Java/jdk-15.0.2/bin/server;C:/Program Files/Java/jdk-15.0.2/bin;C:\Program Files\Common Files\Oracle\Java\javapath;C:\Windows\system32;C:\Windows;C:\Windows\System32\Wbem;C:\Windows\System32\WindowsPowerShell\v1.0\;C:\Program Files (x86)\Microsoft SQL Server\110\DTS\Binn\;C:\Program Files (x86)\Microsoft SQL Server\110\Tools\Binn\;C:\Program Files (x86)\Microsoft SQL Server\110\Tools\Binn\ManagementStudio\;C:\Program Files (x86)\Microsoft Visual Studio 10.0\Common7\IDE\PrivateAssemblies\;C:\Program Files\dotnet\;C:\Program Files\Microsoft SQL Server\130\Tools\Binn\;C:\Program Files\Microsoft SQL Server\Client SDK\ODBC\170\Tools\Binn\;C:\Program Files\Git\cmd;%JAVA_HOME%\bin;C:\Users\Administrator\AppData\Local\Microsoft\WindowsApps;C:\Users\Administrator\.dotnet\tools;C:\Users\Administrator\AppData\Local\Programs\Microsoft VS Code\bin;C:\Users\Administrator\Desktop;
USERNAME=Administrator
OS=Windows_NT
PROCESSOR_IDENTIFIER=Intel64 Family 6 Model 78 Stepping 3, GenuineIntel



---------------  S Y S T E M  ---------------

OS:
 Windows 10 , 64 bit Build 16299 (10.0.16299.15)
OS uptime: 0 days 10:20 hours

CPU: total 4 (initial active 4) (2 cores per cpu, 2 threads per core) family 6 model 78 stepping 3 microcode 0xba, cmov, cx8, fxsr, mmx, sse, sse2, sse3, ssse3, sse4.1, sse4.2, popcnt, vzeroupper, avx, avx2, aes, clmul, erms, 3dnowpref, lzcnt, ht, tsc, tscinvbit, bmi1, bmi2, adx, fma, clflush, clflushopt

Memory: 4k page, system-wide physical 8008M (447M free)
TotalPageFile size 23380M (AvailPageFile size 5M)
current process WorkingSet (physical memory assigned to process): 73M, peak: 73M
current process commit charge ("private bytes"): 221M, peak: 221M

vm_info: Java HotSpot(TM) 64-Bit Server VM (15.0.2+7-27) for windows-amd64 JRE (15.0.2+7-27), built on Dec  7 2020 20:07:01 by "mach5one" with unknown MS VC++:1925

END.
